# JRE version: Java(TM) SE Runtime Environment (8.0_102-b14) (build 1.8.0_102-b14)
# Java VM: Java HotSpot(TM) 64-Bit Server VM (25.102-b14 mixed mode windows-amd64 compressed oops)
Heap:
 PSYoungGen      total 159744K, used 71676K [0x00000000eab00000, 0x00000000fa500000, 0x0000000100000000)
  eden space 88064K, 0% used [0x00000000eab00000,0x00000000eab00000,0x00000000f0100000)
  from space 71680K, 99% used [0x00000000f5f00000,0x00000000fa4ff3d8,0x00000000fa500000)
  to   space 75776K, 0% used [0x00000000f0100000,0x00000000f0100000,0x00000000f4b00000)
 ParOldGen       total 164352K, used 126086K [0x00000000c0000000, 0x00000000ca080000, 0x00000000eab00000)
  object space 164352K, 76% used [0x00000000c0000000,0x00000000c7b21b50,0x00000000ca080000)
 Metaspace       used 6100K, capacity 7088K, committed 7296K, reserved 1056768K
  class space    used 590K, capacity 616K, committed 640K, reserved 1048576K
GC Heap History (10 events):
Event: 20.536 GC heap before
{Heap before GC invocations=9 (full 2):
 PSYoungGen      total 101888K, used 101632K [0x00000000eab00000, 0x00000000f5000000, 0x0000000100000000)
  eden space 80384K, 100% used [0x00000000eab00000,0x00000000ef980000,0x00000000ef980000)
  from space 21504K, 98% used [0x00000000f3b00000,0x00000000f4fc0010,0x00000000f5000000)
  to   space 37888K, 0% used [0x00000000f0600000,0x00000000f0600000,0x00000000f2b00000)
 ParOldGen       total 134144K, used 61699K [0x00000000c0000000, 0x00000000c8300000, 0x00000000eab00000)
  object space 134144K, 45% used [0x00000000c0000000,0x00000000c3c40d10,0x00000000c8300000)
 Metaspace       used 6077K, capacity 7024K, committed 7296K, reserved 1056768K
  class space    used 590K, capacity 616K, committed 640K, reserved 1048576K
Event: 21.970 GC heap after
Heap after GC invocations=9 (full 2):
 PSYoungGen      total 131072K, used 37860K [0x00000000eab00000, 0x00000000f7d00000, 0x0000000100000000)
  eden space 93184K, 0% used [0x00000000eab00000,0x00000000eab00000,0x00000000f0600000)
  from space 37888K, 99% used [0x00000000f0600000,0x00000000f2af9158,0x00000000f2b00000)
  to   space 51200K, 0% used [0x00000000f4b00000,0x00000000f4b00000,0x00000000f7d00000)
 ParOldGen       total 134144K, used 72963K [0x00000000c0000000, 0x00000000c8300000, 0x00000000eab00000)
  object space 134144K, 54% used [0x00000000c0000000,0x00000000c4740eb8,0x00000000c8300000)
 Metaspace       used 6077K, capacity 7024K, committed 7296K, reserved 1056768K
  class space    used 590K, capacity 616K, committed 640K, reserved 1048576K
}
Event: 24.392 GC heap before
{Heap before GC invocations=10 (full 2):
 PSYoungGen      total 131072K, used 131044K [0x00000000eab00000, 0x00000000f7d00000, 0x0000000100000000)
  eden space 93184K, 100% used [0x00000000eab00000,0x00000000f0600000,0x00000000f0600000)
  from space 37888K, 99% used [0x00000000f0600000,0x00000000f2af9158,0x00000000f2b00000)
  to   space 51200K, 0% used [0x00000000f4b00000,0x00000000f4b00000,0x00000000f7d00000)
 ParOldGen       total 134144K, used 72963K [0x00000000c0000000, 0x00000000c8300000, 0x00000000eab00000)
  object space 134144K, 54% used [0x00000000c0000000,0x00000000c4740eb8,0x00000000c8300000)
 Metaspace       used 6080K, capacity 7024K, committed 7296K, reserved 1056768K
  class space    used 590K, capacity 616K, committed 640K, reserved 1048576K
Event: 27.442 GC heap after
Heap after GC invocations=10 (full 2):
 PSYoungGen      total 139264K, used 51171K [0x00000000eab00000, 0x00000000fc680000, 0x0000000100000000)
  eden space 88064K, 0% used [0x00000000eab00000,0x00000000eab00000,0x00000000f0100000)
  from space 51200K, 99% used [0x00000000f4b00000,0x00000000f7cf8d50,0x00000000f7d00000)
  to   space 75776K, 0% used [0x00000000f0100000,0x00000000f0100000,0x00000000f4b00000)
 ParOldGen       total 134144K, used 106911K [0x00000000c0000000, 0x00000000c8300000, 0x00000000eab00000)
  object space 134144K, 79% used [0x00000000c0000000,0x00000000c6867e30,0x00000000c8300000)
 Metaspace       used 6080K, capacity 7024K, committed 7296K, reserved 1056768K
  class space    used 590K, capacity 616K, committed 640K, reserved 1048576K
}
Event: 27.442 GC heap before
{Heap before GC invocations=11 (full 3):
 PSYoungGen      total 139264K, used 51171K [0x00000000eab00000, 0x00000000fc680000, 0x0000000100000000)
  eden space 88064K, 0% used [0x00000000eab00000,0x00000000eab00000,0x00000000f0100000)
  from space 51200K, 99% used [0x00000000f4b00000,0x00000000f7cf8d50,0x00000000f7d00000)
  to   space 75776K, 0% used [0x00000000f0100000,0x00000000f0100000,0x00000000f4b00000)
 ParOldGen       total 134144K, used 106911K [0x00000000c0000000, 0x00000000c8300000, 0x00000000eab00000)
  object space 134144K, 79% used [0x00000000c0000000,0x00000000c6867e30,0x00000000c8300000)
 Metaspace       used 6080K, capacity 7024K, committed 7296K, reserved 1056768K
  class space    used 590K, capacity 616K, committed 640K, reserved 1048576K
Event: 29.857 GC heap after
Heap after GC invocations=11 (full 3):
 PSYoungGen      total 139264K, used 0K [0x00000000eab00000, 0x00000000fc680000, 0x0000000100000000)
  eden space 88064K, 0% used [0x00000000eab00000,0x00000000eab00000,0x00000000f0100000)
  from space 51200K, 0% used [0x00000000f4b00000,0x00000000f4b00000,0x00000000f7d00000)
  to   space 75776K, 0% used [0x00000000f0100000,0x00000000f0100000,0x00000000f4b00000)
 ParOldGen       total 164352K, used 77836K [0x00000000c0000000, 0x00000000ca080000, 0x00000000eab00000)
  object space 164352K, 47% used [0x00000000c0000000,0x00000000c4c03200,0x00000000ca080000)
 Metaspace       used 6080K, capacity 7024K, committed 7296K, reserved 1056768K
  class space    used 590K, capacity 616K, committed 640K, reserved 1048576K
}
Event: 30.849 GC heap before
{Heap before GC invocations=12 (full 3):
 PSYoungGen      total 139264K, used 88064K [0x00000000eab00000, 0x00000000fc680000, 0x0000000100000000)
  eden space 88064K, 100% used [0x00000000eab00000,0x00000000f0100000,0x00000000f0100000)
  from space 51200K, 0% used [0x00000000f4b00000,0x00000000f4b00000,0x00000000f7d00000)
  to   space 75776K, 0% used [0x00000000f0100000,0x00000000f0100000,0x00000000f4b00000)
 ParOldGen       total 164352K, used 77836K [0x00000000c0000000, 0x00000000ca080000, 0x00000000eab00000)
  object space 164352K, 47% used [0x00000000c0000000,0x00000000c4c03200,0x00000000ca080000)
 Metaspace       used 6084K, capacity 7024K, committed 7296K, reserved 1056768K
  class space    used 590K, capacity 616K, committed 640K, reserved 1048576K
Event: 31.098 GC heap after
Heap after GC invocations=12 (full 3):
 PSYoungGen      total 163840K, used 31337K [0x00000000eab00000, 0x00000000fa500000, 0x0000000100000000)
  eden space 88064K, 0% used [0x00000000eab00000,0x00000000eab00000,0x00000000f0100000)
  from space 75776K, 41% used [0x00000000f0100000,0x00000000f1f9a578,0x00000000f4b00000)
  to   space 71680K, 0% used [0x00000000f5f00000,0x00000000f5f00000,0x00000000fa500000)
 ParOldGen       total 164352K, used 77844K [0x00000000c0000000, 0x00000000ca080000, 0x00000000eab00000)
  object space 164352K, 47% used [0x00000000c0000000,0x00000000c4c05200,0x00000000ca080000)
 Metaspace       used 6084K, capacity 7024K, committed 7296K, reserved 1056768K
  class space    used 590K, capacity 616K, committed 640K, reserved 1048576K
}
Event: 33.277 GC heap before
{Heap before GC invocations=13 (full 3):
 PSYoungGen      total 163840K, used 119401K [0x00000000eab00000, 0x00000000fa500000, 0x0000000100000000)
  eden space 88064K, 100% used [0x00000000eab00000,0x00000000f0100000,0x00000000f0100000)
  from space 75776K, 41% used [0x00000000f0100000,0x00000000f1f9a578,0x00000000f4b00000)
  to   space 71680K, 0% used [0x00000000f5f00000,0x00000000f5f00000,0x00000000fa500000)
 ParOldGen       total 164352K, used 77844K [0x00000000c0000000, 0x00000000ca080000, 0x00000000eab00000)
  object space 164352K, 47% used [0x00000000c0000000,0x00000000c4c05200,0x00000000ca080000)
 Metaspace       used 6097K, capacity 7088K, committed 7296K, reserved 1056768K
  class space    used 590K, capacity 616K, committed 640K, reserved 1048576K
Event: 34.996 GC heap after
Heap after GC invocations=13 (full 3):
 PSYoungGen      total 159744K, used 67895K [0x00000000eab00000, 0x00000000fa500000, 0x0000000100000000)
  eden space 88064K, 0% used [0x00000000eab00000,0x00000000eab00000,0x00000000f0100000)
  from space 71680K, 94% used [0x00000000f5f00000,0x00000000fa14dd08,0x00000000fa500000)
  to   space 75776K, 0% used [0x00000000f0100000,0x00000000f0100000,0x00000000f4b00000)
 ParOldGen       total 164352K, used 77852K [0x00000000c0000000, 0x00000000ca080000, 0x00000000eab00000)
  object space 164352K, 47% used [0x00000000c0000000,0x00000000c4c07200,0x00000000ca080000)
 Metaspace       used 6097K, capacity 7088K, committed 7296K, reserved 1056768K
  class space    used 590K, capacity 616K, committed 640K, reserved 1048576K
}

